
[Wed, 06 Aug 14 21:59:13 +0300][DEBUG] * Application bootstrap begin [PhalconSkeletons\Application]
[Wed, 06 Aug 14 21:59:13 +0300][DEBUG] * Registered application namespace: PhalconSkeletons
[Wed, 06 Aug 14 21:59:13 +0300][DEBUG] * Registered application root path: /var/www/html/phalcon-skeletons/
[Wed, 06 Aug 14 21:59:13 +0300][DEBUG] * Registered application directories :
[Wed, 06 Aug 14 21:59:13 +0300][DEBUG]     apps : /var/www/html/phalcon-skeletons/apps/
[Wed, 06 Aug 14 21:59:13 +0300][DEBUG]     models : /var/www/html/phalcon-skeletons/apps/models/
[Wed, 06 Aug 14 21:59:13 +0300][DEBUG]     modules : /var/www/html/phalcon-skeletons/apps/modules/
[Wed, 06 Aug 14 21:59:13 +0300][DEBUG]     data : /var/www/html/phalcon-skeletons/data/
[Wed, 06 Aug 14 21:59:13 +0300][DEBUG]     logs : /var/www/html/phalcon-skeletons/data/logs/
[Wed, 06 Aug 14 21:59:13 +0300][DEBUG]     library : /var/www/html/phalcon-skeletons/library/
[Wed, 06 Aug 14 21:59:13 +0300][DEBUG]     vendor : /var/www/html/phalcon-skeletons/vendor/
[Wed, 06 Aug 14 21:59:13 +0300][DEBUG] 
[Wed, 06 Aug 14 21:59:13 +0300][DEBUG] * Initializing autoloaders
[Wed, 06 Aug 14 21:59:13 +0300][DEBUG] * Initializing Dependency Injector
[Wed, 06 Aug 14 21:59:13 +0300][DEBUG] ** Setting up config service [appConfig] in DI
[Wed, 06 Aug 14 21:59:13 +0300][DEBUG] ** Setting up session service [session] in DI
[Wed, 06 Aug 14 21:59:13 +0300][DEBUG] ** Setting up database service [db] in DI
[Wed, 06 Aug 14 21:59:13 +0300][DEBUG] ** Setting up url service [url] in DI
[Wed, 06 Aug 14 21:59:13 +0300][DEBUG] ** Setting up router service [router] in DI
[Wed, 06 Aug 14 21:59:13 +0300][DEBUG] ** Dependance Injector is ready to use
[Wed, 06 Aug 14 21:59:13 +0300][DEBUG] * Register application modules
[Wed, 06 Aug 14 21:59:13 +0300][DEBUG] * Application bootstrap complete
[Wed, 06 Aug 14 21:59:13 +0300][DEBUG] * Processing request and return response
[Wed, 06 Aug 14 21:59:17 +0300][DEBUG] * Application bootstrap begin [PhalconSkeletons\Application]
[Wed, 06 Aug 14 21:59:17 +0300][DEBUG] * Registered application namespace: PhalconSkeletons
[Wed, 06 Aug 14 21:59:17 +0300][DEBUG] * Registered application root path: /var/www/html/phalcon-skeletons/
[Wed, 06 Aug 14 21:59:17 +0300][DEBUG] * Registered application directories :
[Wed, 06 Aug 14 21:59:17 +0300][DEBUG]     apps : /var/www/html/phalcon-skeletons/apps/
[Wed, 06 Aug 14 21:59:17 +0300][DEBUG]     models : /var/www/html/phalcon-skeletons/apps/models/
[Wed, 06 Aug 14 21:59:17 +0300][DEBUG]     modules : /var/www/html/phalcon-skeletons/apps/modules/
[Wed, 06 Aug 14 21:59:17 +0300][DEBUG]     data : /var/www/html/phalcon-skeletons/data/
[Wed, 06 Aug 14 21:59:17 +0300][DEBUG]     logs : /var/www/html/phalcon-skeletons/data/logs/
[Wed, 06 Aug 14 21:59:17 +0300][DEBUG]     library : /var/www/html/phalcon-skeletons/library/
[Wed, 06 Aug 14 21:59:17 +0300][DEBUG]     vendor : /var/www/html/phalcon-skeletons/vendor/
[Wed, 06 Aug 14 21:59:17 +0300][DEBUG] 
[Wed, 06 Aug 14 21:59:17 +0300][DEBUG] * Initializing autoloaders
[Wed, 06 Aug 14 21:59:17 +0300][DEBUG] * Initializing Dependency Injector
[Wed, 06 Aug 14 21:59:17 +0300][DEBUG] ** Setting up config service [appConfig] in DI
[Wed, 06 Aug 14 21:59:17 +0300][DEBUG] ** Setting up session service [session] in DI
[Wed, 06 Aug 14 21:59:17 +0300][DEBUG] ** Setting up database service [db] in DI
[Wed, 06 Aug 14 21:59:17 +0300][DEBUG] ** Setting up url service [url] in DI
[Wed, 06 Aug 14 21:59:17 +0300][DEBUG] ** Setting up router service [router] in DI
[Wed, 06 Aug 14 21:59:17 +0300][DEBUG] ** Dependance Injector is ready to use
[Wed, 06 Aug 14 21:59:17 +0300][DEBUG] * Register application modules
[Wed, 06 Aug 14 21:59:17 +0300][DEBUG] * Application bootstrap complete
[Wed, 06 Aug 14 21:59:17 +0300][DEBUG] * Processing request and return response
[Wed, 06 Aug 14 21:59:22 +0300][DEBUG] * Application bootstrap begin [PhalconSkeletons\Application]
[Wed, 06 Aug 14 21:59:22 +0300][DEBUG] * Registered application namespace: PhalconSkeletons
[Wed, 06 Aug 14 21:59:22 +0300][DEBUG] * Registered application root path: /var/www/html/phalcon-skeletons/
[Wed, 06 Aug 14 21:59:22 +0300][DEBUG] * Registered application directories :
[Wed, 06 Aug 14 21:59:22 +0300][DEBUG]     apps : /var/www/html/phalcon-skeletons/apps/
[Wed, 06 Aug 14 21:59:22 +0300][DEBUG]     models : /var/www/html/phalcon-skeletons/apps/models/
[Wed, 06 Aug 14 21:59:22 +0300][DEBUG]     modules : /var/www/html/phalcon-skeletons/apps/modules/
[Wed, 06 Aug 14 21:59:22 +0300][DEBUG]     data : /var/www/html/phalcon-skeletons/data/
[Wed, 06 Aug 14 21:59:22 +0300][DEBUG]     logs : /var/www/html/phalcon-skeletons/data/logs/
[Wed, 06 Aug 14 21:59:22 +0300][DEBUG]     library : /var/www/html/phalcon-skeletons/library/
[Wed, 06 Aug 14 21:59:22 +0300][DEBUG]     vendor : /var/www/html/phalcon-skeletons/vendor/
[Wed, 06 Aug 14 21:59:22 +0300][DEBUG] 
[Wed, 06 Aug 14 21:59:22 +0300][DEBUG] * Initializing autoloaders
[Wed, 06 Aug 14 21:59:22 +0300][DEBUG] * Initializing Dependency Injector
[Wed, 06 Aug 14 21:59:22 +0300][DEBUG] ** Setting up config service [appConfig] in DI
[Wed, 06 Aug 14 21:59:22 +0300][DEBUG] ** Setting up session service [session] in DI
[Wed, 06 Aug 14 21:59:22 +0300][DEBUG] ** Setting up database service [db] in DI
[Wed, 06 Aug 14 21:59:22 +0300][DEBUG] ** Setting up url service [url] in DI
[Wed, 06 Aug 14 21:59:22 +0300][DEBUG] ** Setting up router service [router] in DI
[Wed, 06 Aug 14 21:59:22 +0300][DEBUG] ** Dependance Injector is ready to use
[Wed, 06 Aug 14 21:59:22 +0300][DEBUG] * Register application modules
[Wed, 06 Aug 14 21:59:22 +0300][DEBUG] * Application bootstrap complete
[Wed, 06 Aug 14 21:59:22 +0300][DEBUG] * Processing request and return response
